<?xml version="1.0" encoding="UTF-8"?>
<!-- Generated by org.testng.reporters.JUnitXMLReporter -->
<testsuite ignored="3" hostname="DESKTOP-6BBBUR9" failures="0" tests="1" name="Default test" time="5.771" errors="0" timestamp="2025-06-03T00:51:13 IST">
  <testcase classname="testScript.SigninTest" name="verifyUserSigninWithValidCredentials" time="1.162"/>
  <testcase classname="testScript.SigninTest" name="verifyUserSigninWithInvalidUsernameAndValidPassword" time="0.0">
    <ignored/>
  </testcase> <!-- verifyUserSigninWithInvalidUsernameAndValidPassword -->
  <testcase classname="testScript.SigninTest" name="verifyUserSigninWithInvalidCredentials" time="0.0">
    <ignored/>
  </testcase> <!-- verifyUserSigninWithInvalidCredentials -->
  <testcase classname="testScript.SigninTest" name="verifyUserSigninWithValidUsernameAndInvalidPassword" time="0.0">
    <ignored/>
  </testcase> <!-- verifyUserSigninWithValidUsernameAndInvalidPassword -->
</testsuite> <!-- Default test -->
