<?xml version="1.0" encoding="UTF-8"?>
<!-- Generated by org.testng.reporters.JUnitXMLReporter -->
<testsuite ignored="1" hostname="DESKTOP-6BBBUR9" failures="0" tests="1" name="Default test" time="6.636" errors="0" timestamp="2025-06-10T17:55:54 IST">
  <testcase classname="testScript.AdminUsersTest" name="verifyWhetherUserAbleToaddNewAdminUsers" time="3.027"/>
  <testcase classname="testScript.AdminUsersTest" name="verifyWhetherUserAbleToSearchAdminUsers" time="0.0">
    <ignored/>
  </testcase> <!-- verifyWhetherUserAbleToSearchAdminUsers -->
</testsuite> <!-- Default test -->
