<?xml version="1.0" encoding="UTF-8"?>
<testng-results ignored="0" total="10" passed="10" failed="0" skipped="0">
  <reporter-output>
  </reporter-output>
  <suite started-at="2025-06-10T18:19:39 IST" name="Suite" finished-at="2025-06-10T18:20:53 IST" duration-ms="74356">
    <groups>
    </groups>
    <test started-at="2025-06-10T18:19:39 IST" name="Test" finished-at="2025-06-10T18:20:53 IST" duration-ms="74356">
      <class name="testScript.ManagecategoriesTest">
        <test-method is-config="true" signature="initializeBrowser()[pri:0, instance:testScript.ManagecategoriesTest@6a6cb05c]" started-at="2025-06-10T18:19:48 IST" name="initializeBrowser" finished-at="2025-06-10T18:19:51 IST" duration-ms="3230" status="PASS">
          <reporter-output>
          </reporter-output>
        </test-method> <!-- initializeBrowser -->
        <test-method signature="verifyWhetherUserAbleToAddNewCategory()[pri:0, instance:testScript.ManagecategoriesTest@6a6cb05c]" started-at="2025-06-10T18:19:51 IST" name="verifyWhetherUserAbleToAddNewCategory" finished-at="2025-06-10T18:19:55 IST" duration-ms="3733" status="PASS">
          <reporter-output>
          </reporter-output>
        </test-method> <!-- verifyWhetherUserAbleToAddNewCategory -->
        <test-method is-config="true" signature="driverQuit(org.testng.ITestResult)[pri:0, instance:testScript.ManagecategoriesTest@6a6cb05c]" started-at="2025-06-10T18:19:55 IST" name="driverQuit" finished-at="2025-06-10T18:19:55 IST" duration-ms="3" status="PASS">
          <params>
            <param index="0">
              <value>
                <![CDATA[[TestResult name=verifyWhetherUserAbleToAddNewCategory status=SUCCESS method=ManagecategoriesTest.verifyWhetherUserAbleToAddNewCategory()[pri:0, instance:testScript.ManagecategoriesTest@6a6cb05c] output={null}]]]>
              </value>
            </param>
          </params>
          <reporter-output>
          </reporter-output>
        </test-method> <!-- driverQuit -->
      </class> <!-- testScript.ManagecategoriesTest -->
      <class name="testScript.ManageNewsTest">
        <test-method is-config="true" signature="initializeBrowser()[pri:0, instance:testScript.ManageNewsTest@40a4337a]" started-at="2025-06-10T18:19:55 IST" name="initializeBrowser" finished-at="2025-06-10T18:19:59 IST" duration-ms="3899" status="PASS">
          <reporter-output>
          </reporter-output>
        </test-method> <!-- initializeBrowser -->
        <test-method signature="verifyWhetherUserAbleToAddNewNews()[pri:0, instance:testScript.ManageNewsTest@40a4337a]" started-at="2025-06-10T18:19:59 IST" name="verifyWhetherUserAbleToAddNewNews" finished-at="2025-06-10T18:20:02 IST" duration-ms="2770" status="PASS">
          <reporter-output>
          </reporter-output>
        </test-method> <!-- verifyWhetherUserAbleToAddNewNews -->
        <test-method is-config="true" signature="driverQuit(org.testng.ITestResult)[pri:0, instance:testScript.ManageNewsTest@40a4337a]" started-at="2025-06-10T18:20:02 IST" name="driverQuit" finished-at="2025-06-10T18:20:02 IST" duration-ms="0" status="PASS">
          <params>
            <param index="0">
              <value>
                <![CDATA[[TestResult name=verifyWhetherUserAbleToAddNewNews status=SUCCESS method=ManageNewsTest.verifyWhetherUserAbleToAddNewNews()[pri:0, instance:testScript.ManageNewsTest@40a4337a] output={null}]]]>
              </value>
            </param>
          </params>
          <reporter-output>
          </reporter-output>
        </test-method> <!-- driverQuit -->
        <test-method is-config="true" signature="initializeBrowser()[pri:0, instance:testScript.ManageNewsTest@40a4337a]" started-at="2025-06-10T18:20:02 IST" name="initializeBrowser" finished-at="2025-06-10T18:20:05 IST" duration-ms="3071" status="PASS">
          <reporter-output>
          </reporter-output>
        </test-method> <!-- initializeBrowser -->
        <test-method signature="verifyWhetherUserAbleToSearchNews()[pri:0, instance:testScript.ManageNewsTest@40a4337a]" started-at="2025-06-10T18:20:05 IST" name="verifyWhetherUserAbleToSearchNews" finished-at="2025-06-10T18:20:08 IST" duration-ms="2737" status="PASS">
          <reporter-output>
          </reporter-output>
        </test-method> <!-- verifyWhetherUserAbleToSearchNews -->
        <test-method is-config="true" signature="driverQuit(org.testng.ITestResult)[pri:0, instance:testScript.ManageNewsTest@40a4337a]" started-at="2025-06-10T18:20:08 IST" name="driverQuit" finished-at="2025-06-10T18:20:08 IST" duration-ms="1" status="PASS">
          <params>
            <param index="0">
              <value>
                <![CDATA[[TestResult name=verifyWhetherUserAbleToSearchNews status=SUCCESS method=ManageNewsTest.verifyWhetherUserAbleToSearchNews()[pri:0, instance:testScript.ManageNewsTest@40a4337a] output={null}]]]>
              </value>
            </param>
          </params>
          <reporter-output>
          </reporter-output>
        </test-method> <!-- driverQuit -->
      </class> <!-- testScript.ManageNewsTest -->
      <class name="testScript.HomeTest">
        <test-method is-config="true" signature="initializeBrowser()[pri:0, instance:testScript.HomeTest@368f2016]" started-at="2025-06-10T18:19:39 IST" name="initializeBrowser" finished-at="2025-06-10T18:19:45 IST" duration-ms="5563" status="PASS">
          <reporter-output>
          </reporter-output>
        </test-method> <!-- initializeBrowser -->
        <test-method signature="verifyWhetherUserAbleToLogout()[pri:0, instance:testScript.HomeTest@368f2016]" started-at="2025-06-10T18:19:45 IST" name="verifyWhetherUserAbleToLogout" finished-at="2025-06-10T18:19:48 IST" duration-ms="3441" status="PASS">
          <reporter-output>
          </reporter-output>
        </test-method> <!-- verifyWhetherUserAbleToLogout -->
        <test-method is-config="true" signature="driverQuit(org.testng.ITestResult)[pri:0, instance:testScript.HomeTest@368f2016]" started-at="2025-06-10T18:19:48 IST" name="driverQuit" finished-at="2025-06-10T18:19:48 IST" duration-ms="4" status="PASS">
          <params>
            <param index="0">
              <value>
                <![CDATA[[TestResult name=verifyWhetherUserAbleToLogout status=SUCCESS method=HomeTest.verifyWhetherUserAbleToLogout()[pri:0, instance:testScript.HomeTest@368f2016] output={null}]]]>
              </value>
            </param>
          </params>
          <reporter-output>
          </reporter-output>
        </test-method> <!-- driverQuit -->
      </class> <!-- testScript.HomeTest -->
      <class name="testScript.AdminUsersTest">
        <test-method is-config="true" signature="initializeBrowser()[pri:0, instance:testScript.AdminUsersTest@6025e1b6]" started-at="2025-06-10T18:20:08 IST" name="initializeBrowser" finished-at="2025-06-10T18:20:13 IST" duration-ms="5616" status="PASS">
          <reporter-output>
          </reporter-output>
        </test-method> <!-- initializeBrowser -->
        <test-method signature="verifyWhetherUserAbleToSearchAdminUsers()[pri:0, instance:testScript.AdminUsersTest@6025e1b6]" started-at="2025-06-10T18:20:13 IST" name="verifyWhetherUserAbleToSearchAdminUsers" finished-at="2025-06-10T18:20:17 IST" duration-ms="3821" status="PASS">
          <reporter-output>
          </reporter-output>
        </test-method> <!-- verifyWhetherUserAbleToSearchAdminUsers -->
        <test-method is-config="true" signature="driverQuit(org.testng.ITestResult)[pri:0, instance:testScript.AdminUsersTest@6025e1b6]" started-at="2025-06-10T18:20:17 IST" name="driverQuit" finished-at="2025-06-10T18:20:17 IST" duration-ms="2" status="PASS">
          <params>
            <param index="0">
              <value>
                <![CDATA[[TestResult name=verifyWhetherUserAbleToSearchAdminUsers status=SUCCESS method=AdminUsersTest.verifyWhetherUserAbleToSearchAdminUsers()[pri:0, instance:testScript.AdminUsersTest@6025e1b6] output={null}]]]>
              </value>
            </param>
          </params>
          <reporter-output>
          </reporter-output>
        </test-method> <!-- driverQuit -->
        <test-method is-config="true" signature="initializeBrowser()[pri:0, instance:testScript.AdminUsersTest@6025e1b6]" started-at="2025-06-10T18:20:17 IST" name="initializeBrowser" finished-at="2025-06-10T18:20:23 IST" duration-ms="5916" status="PASS">
          <reporter-output>
          </reporter-output>
        </test-method> <!-- initializeBrowser -->
        <test-method signature="verifyWhetherUserAbleToaddNewAdminUsers()[pri:0, instance:testScript.AdminUsersTest@6025e1b6]" started-at="2025-06-10T18:20:23 IST" name="verifyWhetherUserAbleToaddNewAdminUsers" finished-at="2025-06-10T18:20:28 IST" duration-ms="4694" status="PASS">
          <reporter-output>
          </reporter-output>
        </test-method> <!-- verifyWhetherUserAbleToaddNewAdminUsers -->
        <test-method is-config="true" signature="driverQuit(org.testng.ITestResult)[pri:0, instance:testScript.AdminUsersTest@6025e1b6]" started-at="2025-06-10T18:20:28 IST" name="driverQuit" finished-at="2025-06-10T18:20:28 IST" duration-ms="0" status="PASS">
          <params>
            <param index="0">
              <value>
                <![CDATA[[TestResult name=verifyWhetherUserAbleToaddNewAdminUsers status=SUCCESS method=AdminUsersTest.verifyWhetherUserAbleToaddNewAdminUsers()[pri:0, instance:testScript.AdminUsersTest@6025e1b6] output={null}]]]>
              </value>
            </param>
          </params>
          <reporter-output>
          </reporter-output>
        </test-method> <!-- driverQuit -->
      </class> <!-- testScript.AdminUsersTest -->
      <class name="testScript.SigninTest">
        <test-method is-config="true" signature="initializeBrowser()[pri:0, instance:testScript.SigninTest@22ff4249]" started-at="2025-06-10T18:20:28 IST" name="initializeBrowser" finished-at="2025-06-10T18:20:33 IST" duration-ms="4993" status="PASS">
          <reporter-output>
          </reporter-output>
        </test-method> <!-- initializeBrowser -->
        <test-method signature="verifyUserSigninWithInvalidCredentials()[pri:0, instance:testScript.SigninTest@22ff4249]" started-at="2025-06-10T18:20:33 IST" name="verifyUserSigninWithInvalidCredentials" finished-at="2025-06-10T18:20:33 IST" duration-ms="587" status="PASS">
          <reporter-output>
          </reporter-output>
        </test-method> <!-- verifyUserSigninWithInvalidCredentials -->
        <test-method is-config="true" signature="driverQuit(org.testng.ITestResult)[pri:0, instance:testScript.SigninTest@22ff4249]" started-at="2025-06-10T18:20:33 IST" name="driverQuit" finished-at="2025-06-10T18:20:33 IST" duration-ms="1" status="PASS">
          <params>
            <param index="0">
              <value>
                <![CDATA[[TestResult name=verifyUserSigninWithInvalidCredentials status=SUCCESS method=SigninTest.verifyUserSigninWithInvalidCredentials()[pri:0, instance:testScript.SigninTest@22ff4249] output={null}]]]>
              </value>
            </param>
          </params>
          <reporter-output>
          </reporter-output>
        </test-method> <!-- driverQuit -->
        <test-method is-config="true" signature="initializeBrowser()[pri:0, instance:testScript.SigninTest@22ff4249]" started-at="2025-06-10T18:20:33 IST" name="initializeBrowser" finished-at="2025-06-10T18:20:38 IST" duration-ms="4753" status="PASS">
          <reporter-output>
          </reporter-output>
        </test-method> <!-- initializeBrowser -->
        <test-method signature="verifyUserSigninWithInvalidUsernameAndValidPassword()[pri:0, instance:testScript.SigninTest@22ff4249]" started-at="2025-06-10T18:20:38 IST" name="verifyUserSigninWithInvalidUsernameAndValidPassword" finished-at="2025-06-10T18:20:39 IST" duration-ms="1320" status="PASS">
          <reporter-output>
          </reporter-output>
        </test-method> <!-- verifyUserSigninWithInvalidUsernameAndValidPassword -->
        <test-method is-config="true" signature="driverQuit(org.testng.ITestResult)[pri:0, instance:testScript.SigninTest@22ff4249]" started-at="2025-06-10T18:20:39 IST" name="driverQuit" finished-at="2025-06-10T18:20:39 IST" duration-ms="0" status="PASS">
          <params>
            <param index="0">
              <value>
                <![CDATA[[TestResult name=verifyUserSigninWithInvalidUsernameAndValidPassword status=SUCCESS method=SigninTest.verifyUserSigninWithInvalidUsernameAndValidPassword()[pri:0, instance:testScript.SigninTest@22ff4249] output={null}]]]>
              </value>
            </param>
          </params>
          <reporter-output>
          </reporter-output>
        </test-method> <!-- driverQuit -->
        <test-method is-config="true" signature="initializeBrowser()[pri:0, instance:testScript.SigninTest@22ff4249]" started-at="2025-06-10T18:20:39 IST" name="initializeBrowser" finished-at="2025-06-10T18:20:46 IST" duration-ms="6220" status="PASS">
          <reporter-output>
          </reporter-output>
        </test-method> <!-- initializeBrowser -->
        <test-method signature="verifyUserSigninWithValidCredentials()[pri:0, instance:testScript.SigninTest@22ff4249]" started-at="2025-06-10T18:20:46 IST" name="verifyUserSigninWithValidCredentials" finished-at="2025-06-10T18:20:47 IST" duration-ms="1474" status="PASS">
          <reporter-output>
          </reporter-output>
        </test-method> <!-- verifyUserSigninWithValidCredentials -->
        <test-method is-config="true" signature="driverQuit(org.testng.ITestResult)[pri:0, instance:testScript.SigninTest@22ff4249]" started-at="2025-06-10T18:20:47 IST" name="driverQuit" finished-at="2025-06-10T18:20:47 IST" duration-ms="3" status="PASS">
          <params>
            <param index="0">
              <value>
                <![CDATA[[TestResult name=verifyUserSigninWithValidCredentials status=SUCCESS method=SigninTest.verifyUserSigninWithValidCredentials()[pri:0, instance:testScript.SigninTest@22ff4249] output={null}]]]>
              </value>
            </param>
          </params>
          <reporter-output>
          </reporter-output>
        </test-method> <!-- driverQuit -->
        <test-method is-config="true" signature="initializeBrowser()[pri:0, instance:testScript.SigninTest@22ff4249]" started-at="2025-06-10T18:20:47 IST" name="initializeBrowser" finished-at="2025-06-10T18:20:53 IST" duration-ms="5452" status="PASS">
          <reporter-output>
          </reporter-output>
        </test-method> <!-- initializeBrowser -->
        <test-method signature="verifyUserSigninWithValidUsernameAndInvalidPassword()[pri:0, instance:testScript.SigninTest@22ff4249]" started-at="2025-06-10T18:20:53 IST" name="verifyUserSigninWithValidUsernameAndInvalidPassword" finished-at="2025-06-10T18:20:53 IST" duration-ms="893" status="PASS">
          <reporter-output>
          </reporter-output>
        </test-method> <!-- verifyUserSigninWithValidUsernameAndInvalidPassword -->
        <test-method is-config="true" signature="driverQuit(org.testng.ITestResult)[pri:0, instance:testScript.SigninTest@22ff4249]" started-at="2025-06-10T18:20:53 IST" name="driverQuit" finished-at="2025-06-10T18:20:53 IST" duration-ms="2" status="PASS">
          <params>
            <param index="0">
              <value>
                <![CDATA[[TestResult name=verifyUserSigninWithValidUsernameAndInvalidPassword status=SUCCESS method=SigninTest.verifyUserSigninWithValidUsernameAndInvalidPassword()[pri:0, instance:testScript.SigninTest@22ff4249] output={null}]]]>
              </value>
            </param>
          </params>
          <reporter-output>
          </reporter-output>
        </test-method> <!-- driverQuit -->
      </class> <!-- testScript.SigninTest -->
    </test> <!-- Test -->
  </suite> <!-- Suite -->
</testng-results>
