<?xml version="1.0" encoding="UTF-8"?>
<testng-results ignored="3" total="4" passed="1" failed="0" skipped="0">
  <reporter-output>
  </reporter-output>
  <suite started-at="2025-05-30T00:36:37 IST" name="Default suite" finished-at="2025-05-30T00:36:44 IST" duration-ms="7256">
    <groups>
    </groups>
    <test started-at="2025-05-30T00:36:37 IST" name="Default test" finished-at="2025-05-30T00:36:44 IST" duration-ms="7256">
      <class name="testScript.LoginTest">
        <test-method is-config="true" signature="initializeBrowser()[pri:0, instance:testScript.LoginTest@78691363]" started-at="2025-05-30T00:36:37 IST" name="initializeBrowser" finished-at="2025-05-30T00:36:42 IST" duration-ms="4996" status="PASS">
          <reporter-output>
          </reporter-output>
        </test-method> <!-- initializeBrowser -->
        <test-method signature="verifyUserLoginWithValidCredentials()[pri:0, instance:testScript.LoginTest@78691363]" started-at="2025-05-30T00:36:42 IST" name="verifyUserLoginWithValidCredentials" finished-at="2025-05-30T00:36:44 IST" duration-ms="2189" status="PASS">
          <reporter-output>
          </reporter-output>
        </test-method> <!-- verifyUserLoginWithValidCredentials -->
        <test-method is-config="true" signature="browserClose()[pri:0, instance:testScript.LoginTest@78691363]" started-at="2025-05-30T00:36:44 IST" name="browserClose" finished-at="2025-05-30T00:36:44 IST" duration-ms="1" status="PASS">
          <reporter-output>
          </reporter-output>
        </test-method> <!-- browserClose -->
      </class> <!-- testScript.LoginTest -->
    </test> <!-- Default test -->
  </suite> <!-- Default suite -->
</testng-results>
