<?xml version="1.0" encoding="UTF-8"?>
<testng-results ignored="3" total="4" passed="1" failed="0" skipped="0">
  <reporter-output>
  </reporter-output>
  <suite started-at="2025-06-03T00:37:34 IST" name="Default suite" finished-at="2025-06-03T00:37:40 IST" duration-ms="5574">
    <groups>
    </groups>
    <test started-at="2025-06-03T00:37:34 IST" name="Default test" finished-at="2025-06-03T00:37:40 IST" duration-ms="5574">
      <class name="testScript.LoginTest">
        <test-method is-config="true" signature="initializeBrowser()[pri:0, instance:testScript.LoginTest@4afcd809]" started-at="2025-06-03T00:37:34 IST" name="initializeBrowser" finished-at="2025-06-03T00:37:39 IST" duration-ms="4314" status="PASS">
          <reporter-output>
          </reporter-output>
        </test-method> <!-- initializeBrowser -->
        <test-method signature="verifyUserLoginWithInvalidCredentials()[pri:0, instance:testScript.LoginTest@4afcd809]" started-at="2025-06-03T00:37:39 IST" name="verifyUserLoginWithInvalidCredentials" finished-at="2025-06-03T00:37:40 IST" duration-ms="1209" status="PASS">
          <reporter-output>
          </reporter-output>
        </test-method> <!-- verifyUserLoginWithInvalidCredentials -->
        <test-method is-config="true" signature="browserClose()[pri:0, instance:testScript.LoginTest@4afcd809]" started-at="2025-06-03T00:37:40 IST" name="browserClose" finished-at="2025-06-03T00:37:40 IST" duration-ms="2" status="PASS">
          <reporter-output>
          </reporter-output>
        </test-method> <!-- browserClose -->
      </class> <!-- testScript.LoginTest -->
    </test> <!-- Default test -->
  </suite> <!-- Default suite -->
</testng-results>
